<?xml version="1.0" encoding="UTF-8"?>
<!-- Generated by org.testng.reporters.JUnitReportReporter -->
<testsuite hostname="DESKTOP-0RQF8FK" name="testrunners.EmployeeRegTest" tests="1" failures="0" timestamp="4 Apr 2023 04:19:19 GMT" time="15.565" errors="0">
  <testcase name="feature" time="15.565" classname="testrunners.EmployeeRegTest"/>
</testsuite> <!-- testrunners.EmployeeRegTest -->
